<?xml version="1.0" encoding="UTF-8"?>
<!-- Generated by org.testng.reporters.JUnitReportReporter -->
<testsuite skipped="0" hostname="Dell-PC" name="testcases.TC001_LoginAndLogout" tests="2" failures="0" timestamp="03 Jun 2018 07:07:26 GMT" time="29.609" errors="0">
  <testcase name="loginAndLogout" time="12.275" classname="testcases.TC001_LoginAndLogout"/>
  <testcase name="loginAndLogout" time="17.334" classname="testcases.TC001_LoginAndLogout"/>
</testsuite> <!-- testcases.TC001_LoginAndLogout -->
