<?xml version="1.0" encoding="UTF-8"?>
<!-- Generated by org.testng.reporters.JUnitReportReporter -->
<testsuite skipped="0" hostname="Dell-PC" name="grid.JqueryUi" tests="1" failures="0" timestamp="10 Jun 2018 10:28:21 GMT" time="26.615" errors="0">
  <testcase name="frame" time="26.615" classname="grid.JqueryUi"/>
</testsuite> <!-- grid.JqueryUi -->
